#
# A fatal error has been detected by the Java Runtime Environment:
#
#  EXCEPTION_ACCESS_VIOLATION (0xc0000005) at pc=0x000000006e8f4419, pid=6816, tid=3748
#
# JRE version: Java(TM) SE Runtime Environment (7.0_51-b13) (build 1.7.0_51-b13)
# Java VM: Java HotSpot(TM) 64-Bit Server VM (24.51-b03 mixed mode windows-amd64 compressed oops)
# Problematic frame:
# V  [jvm.dll+0x54419]
#
# Failed to write core dump. Minidumps are not enabled by default on client versions of Windows
#
# If you would like to submit a bug report, please visit:
#   http://bugreport.sun.com/bugreport/crash.jsp
#

---------------  T H R E A D  ---------------

Current thread (0x0000000008227800):  JavaThread "JDWP Transport Listener: dt_socket" daemon [_thread_in_vm, id=3748, stack(0x000000000a470000,0x000000000a570000)]

siginfo: ExceptionCode=0xc0000005, reading address 0x000000000000000c

Registers:
RAX=0x000000000000000c, RBX=0x0000000008227800, RCX=0x0000000000000000, RDX=0x0000000000000000
RSP=0x000000000a56f250, RBP=0x000000000000000c, RSI=0x0000000000000000, RDI=0x0000000000000010
R8 =0x00000000ebbbc210, R9 =0x0000000000000000, R10=0x0000000000000000, R11=0x0000000000000001
R12=0x0000000000000000, R13=0x000000000821afe8, R14=0x0000000000000000, R15=0x0000000000000000
RIP=0x000000006e8f4419, EFLAGS=0x0000000000010246

Top of Stack: (sp=0x000000000a56f250)
0x000000000a56f250:   0000000008227800 0000000000000000
0x000000000a56f260:   0000000000000000 0000000008227800
0x000000000a56f270:   0000000000000000 000000006e9bb2b7
0x000000000a56f280:   00000000ebbbc210 000000000a56f3a0
0x000000000a56f290:   000000000823b200 000000000a56f370
0x000000000a56f2a0:   0000000008227800 0000000000000000
0x000000000a56f2b0:   000000000823b200 000000000a56f3a0
0x000000000a56f2c0:   0000000000000000 000000000821afe8
0x000000000a56f2d0:   0000000000000000 000000006a247d15
0x000000000a56f2e0:   000000000a56f370 000000000a56f3a0
0x000000000a56f2f0:   000000000823b200 00000000082279e8
0x000000000a56f300:   000000000a5ada0a 000000006a24f08c
0x000000000a56f310:   0000000008010a01 000000000a56f410
0x000000000a56f320:   000000000821ac01 000000000821ac01
0x000000000a56f330:   0000255f00000013 0000000008010a00
0x000000000a56f340:   00000000021963c0 000000006ea6ce6d 

Instructions: (pc=0x000000006e8f4419)
0x000000006e8f43f9:   d2 48 8b c5 eb 18 48 8b d0 48 8b c5 48 d3 e2 48
0x000000006e8f4409:   03 15 a1 74 69 00 eb 06 48 8b 12 48 8b c7 48 98
0x000000006e8f4419:   8b 14 10 85 d2 74 2a 45 84 db 4c 63 c6 48 0f 45
0x000000006e8f4429:   fd 8d 47 0b 48 63 c8 48 83 e1 f8 48 c1 e9 03 8d 


Register to memory mapping:

RAX=0x000000000000000c is an unknown value
RBX=0x0000000008227800 is a thread
RCX=0x0000000000000000 is an unknown value
RDX=0x0000000000000000 is an unknown value
RSP=0x000000000a56f250 is pointing into the stack for thread: 0x0000000008227800
RBP=0x000000000000000c is an unknown value
RSI=0x0000000000000000 is an unknown value
RDI=0x0000000000000010 is an unknown value
R8 =0x00000000ebbbc210 is an oop
java.lang.String 
 - klass: 'java/lang/String'
R9 =0x0000000000000000 is an unknown value
R10=0x0000000000000000 is an unknown value
R11=0x0000000000000001 is an unknown value
R12=0x0000000000000000 is an unknown value
R13=0x000000000821afe8 is an unknown value
R14=0x0000000000000000 is an unknown value
R15=0x0000000000000000 is an unknown value


Stack: [0x000000000a470000,0x000000000a570000],  sp=0x000000000a56f250,  free space=1020k
Native frames: (J=compiled Java code, j=interpreted, Vv=VM code, C=native code)
V  [jvm.dll+0x54419]


---------------  P R O C E S S  ---------------

Java Threads: ( => current thread )
  0x000000000a586000 JavaThread "Service Thread" daemon [_thread_blocked, id=3352, stack(0x000000000ad20000,0x000000000ae20000)]
  0x000000000a584000 JavaThread "C2 CompilerThread1" daemon [_thread_blocked, id=5692, stack(0x000000000aae0000,0x000000000abe0000)]
  0x000000000a57a000 JavaThread "C2 CompilerThread0" daemon [_thread_blocked, id=2172, stack(0x000000000a9c0000,0x000000000aac0000)]
  0x0000000008236800 JavaThread "JDWP Command Reader" daemon [_thread_in_native, id=6848, stack(0x000000000a370000,0x000000000a470000)]
  0x0000000008233000 JavaThread "JDWP Event Helper Thread" daemon [_thread_blocked, id=1528, stack(0x000000000a160000,0x000000000a260000)]
=>0x0000000008227800 JavaThread "JDWP Transport Listener: dt_socket" daemon [_thread_in_vm, id=3748, stack(0x000000000a470000,0x000000000a570000)]
  0x0000000008220800 JavaThread "Attach Listener" daemon [_thread_blocked, id=3600, stack(0x0000000009a10000,0x0000000009b10000)]
  0x0000000008219800 JavaThread "Signal Dispatcher" daemon [_thread_blocked, id=6752, stack(0x00000000097f0000,0x00000000098f0000)]
  0x00000000081c7800 JavaThread "Finalizer" daemon [_thread_blocked, id=5740, stack(0x0000000009650000,0x0000000009750000)]
  0x00000000081be800 JavaThread "Reference Handler" daemon [_thread_blocked, id=660, stack(0x00000000092e0000,0x00000000093e0000)]
  0x0000000002188000 JavaThread "main" [_thread_blocked, id=6420, stack(0x0000000002330000,0x0000000002430000)]

Other Threads:
  0x00000000081b9000 VMThread [stack: 0x0000000009400000,0x0000000009500000] [id=7092]
  0x000000000a594000 WatcherThread [stack: 0x000000000ae30000,0x000000000af30000] [id=6872]

VM state:not at safepoint (normal execution)

VM Mutex/Monitor currently owned by a thread: None

Heap
 PSYoungGen      total 18432K, used 952K [0x00000000ebb00000, 0x00000000ecf80000, 0x0000000100000000)
  eden space 15872K, 6% used [0x00000000ebb00000,0x00000000ebbee208,0x00000000eca80000)
  from space 2560K, 0% used [0x00000000ecd00000,0x00000000ecd00000,0x00000000ecf80000)
  to   space 2560K, 0% used [0x00000000eca80000,0x00000000eca80000,0x00000000ecd00000)
 ParOldGen       total 41472K, used 0K [0x00000000c3200000, 0x00000000c5a80000, 0x00000000ebb00000)
  object space 41472K, 0% used [0x00000000c3200000,0x00000000c3200000,0x00000000c5a80000)
 PSPermGen       total 21504K, used 2598K [0x00000000be000000, 0x00000000bf500000, 0x00000000c3200000)
  object space 21504K, 12% used [0x00000000be000000,0x00000000be289af8,0x00000000bf500000)

Card table byte_map: [0x00000000054b0000,0x00000000056d0000] byte_map_base: 0x0000000004ec0000

Polling page: 0x0000000000220000

Code Cache  [0x00000000024b0000, 0x0000000002720000, 0x00000000054b0000)
 total_blobs=160 nmethods=0 adapters=137 free_code_cache=48775Kb largest_free_block=49946112

Compilation events (0 events):
No events

GC Heap History (0 events):
No events

Deoptimization events (0 events):
No events

Internal exceptions (3 events):
Event: 0.425 Thread 0x0000000002188000 Threw 0x00000000ebb0bc98 at C:\re\jdk7u51\527\hotspot\src\share\vm\prims\jni.cpp:3991
Event: 6.332 Thread 0x0000000002188000 Threw 0x00000000ebbaaca8 at C:\re\jdk7u51\527\hotspot\src\share\vm\prims\jvm.cpp:1244
Event: 6.336 Thread 0x0000000002188000 Threw 0x00000000ebbafbd8 at C:\re\jdk7u51\527\hotspot\src\share\vm\prims\jvm.cpp:1244

Events (10 events):
Event: 163.956 Executing VM operation: GetCurrentLocation
Event: 163.956 Executing VM operation: GetCurrentLocation done
Event: 163.956 Executing VM operation: ChangeSingleStep
Event: 163.956 Executing VM operation: ChangeSingleStep done
Event: 163.957 Executing VM operation: ChangeSingleStep
Event: 163.957 Executing VM operation: ChangeSingleStep done
Event: 163.987 Executing VM operation: GetOrSetLocal
Event: 163.987 Executing VM operation: GetOrSetLocal done
Event: 164.374 Executing VM operation: GetOrSetLocal
Event: 164.374 Executing VM operation: GetOrSetLocal done


Dynamic libraries:
0x000000013fc50000 - 0x000000013fc83000 	C:\Program Files\Java\jdk1.7.0_51\bin\javaw.exe
0x00000000777b0000 - 0x0000000077959000 	C:\Windows\SYSTEM32\ntdll.dll
0x0000000077690000 - 0x00000000777af000 	C:\Windows\system32\kernel32.dll
0x000007fefd840000 - 0x000007fefd8ac000 	C:\Windows\system32\KERNELBASE.dll
0x000007feff0d0000 - 0x000007feff1ab000 	C:\Windows\system32\ADVAPI32.dll
0x000007fefdc00000 - 0x000007fefdc9f000 	C:\Windows\system32\msvcrt.dll
0x000007fefee20000 - 0x000007fefee3f000 	C:\Windows\SYSTEM32\sechost.dll
0x000007fefdf00000 - 0x000007fefe02d000 	C:\Windows\system32\RPCRT4.dll
0x0000000077590000 - 0x000000007768a000 	C:\Windows\system32\USER32.dll
0x000007fefdb90000 - 0x000007fefdbf7000 	C:\Windows\system32\GDI32.dll
0x000007fefde30000 - 0x000007fefde3e000 	C:\Windows\system32\LPK.dll
0x000007feff450000 - 0x000007feff519000 	C:\Windows\system32\USP10.dll
0x000007fefc700000 - 0x000007fefc8f4000 	C:\Windows\WinSxS\amd64_microsoft.windows.common-controls_6595b64144ccf1df_6.0.7601.17514_none_fa396087175ac9ac\COMCTL32.dll
0x000007feff3d0000 - 0x000007feff441000 	C:\Windows\system32\SHLWAPI.dll
0x000007feff600000 - 0x000007feff62e000 	C:\Windows\system32\IMM32.DLL
0x000007fefdca0000 - 0x000007fefdda9000 	C:\Windows\system32\MSCTF.dll
0x0000000063040000 - 0x0000000063112000 	C:\Program Files\Java\jdk1.7.0_51\jre\bin\msvcr100.dll
0x000000006e8a0000 - 0x000000006f069000 	C:\Program Files\Java\jdk1.7.0_51\jre\bin\server\jvm.dll
0x000007fef7f60000 - 0x000007fef7f69000 	C:\Windows\system32\WSOCK32.dll
0x000007feff080000 - 0x000007feff0cd000 	C:\Windows\system32\WS2_32.dll
0x000007feff1b0000 - 0x000007feff1b8000 	C:\Windows\system32\NSI.dll
0x000007fefa4c0000 - 0x000007fefa4fb000 	C:\Windows\system32\WINMM.dll
0x0000000077970000 - 0x0000000077977000 	C:\Windows\system32\PSAPI.DLL
0x0000000073a40000 - 0x0000000073a4f000 	C:\Program Files\Java\jdk1.7.0_51\jre\bin\verify.dll
0x0000000073a10000 - 0x0000000073a38000 	C:\Program Files\Java\jdk1.7.0_51\jre\bin\java.dll
0x000000006a240000 - 0x000000006a275000 	C:\Program Files\Java\jdk1.7.0_51\jre\bin\jdwp.dll
0x000000006a230000 - 0x000000006a238000 	C:\Program Files\Java\jdk1.7.0_51\jre\bin\npt.dll
0x00000000739f0000 - 0x0000000073a05000 	C:\Program Files\Java\jdk1.7.0_51\jre\bin\zip.dll
0x000000006a0a0000 - 0x000000006a0a9000 	C:\Program Files\Java\jdk1.7.0_51\jre\bin\dt_socket.dll
0x000007fefafc0000 - 0x000007fefafd5000 	C:\Windows\system32\NLAapi.dll
0x000007fef2b10000 - 0x000007fef2b25000 	C:\Windows\system32\napinsp.dll
0x000007fef2af0000 - 0x000007fef2b09000 	C:\Windows\system32\pnrpnsp.dll
0x000007fef7f50000 - 0x000007fef7f60000 	C:\Windows\system32\wshbth.dll
0x000007fef9020000 - 0x000007fef904f000 	C:\Program Files\Common Files\Microsoft Shared\Windows Live\WLIDNSP.DLL
0x000007fefcd60000 - 0x000007fefcdb5000 	C:\Windows\System32\mswsock.dll
0x000007fefcbe0000 - 0x000007fefcc3b000 	C:\Windows\system32\DNSAPI.dll
0x000007fef5d00000 - 0x000007fef5d0b000 	C:\Windows\System32\winrnr.dll
0x000007fef83d0000 - 0x000007fef83f7000 	C:\Windows\system32\IPHLPAPI.DLL
0x000007fef8310000 - 0x000007fef831b000 	C:\Windows\system32\WINNSI.DLL
0x000007fef8220000 - 0x000007fef8273000 	C:\Windows\System32\fwpuclnt.dll
0x000007fef9080000 - 0x000007fef9088000 	C:\Windows\system32\rasadhlp.dll
0x000007fefc1f0000 - 0x000007fefc1f7000 	C:\Windows\System32\wshtcpip.dll
0x000007fef7030000 - 0x000007fef7155000 	C:\Windows\system32\dbghelp.dll

VM Arguments:
jvm_args: -agentlib:jdwp=transport=dt_socket,suspend=y,address=localhost:2829 -Dfile.encoding=Cp1252 
java_command: myreflection.OneLineBf_test
Launcher Type: SUN_STANDARD

Environment Variables:
JAVA_HOME=C:\Program Files\Java\jdk1.7.0_51\bin
CLASSPATH=.;C:\Program Files (x86)\Java\jre7\lib\ext\QTJava.zip
PATH=C:\Program Files\Java\jdk1.7.0_51\jre\bin;C:/Program Files/Java/jdk1.7.0_51/bin/../jre/bin/server;C:/Program Files/Java/jdk1.7.0_51/bin/../jre/bin;C:/Program Files/Java/jdk1.7.0_51/bin/../jre/lib/amd64;C:\Program Files (x86)\Windows Resource Kits\Tools\;C:\Program Files\Common Files\Microsoft Shared\Windows Live;C:\Program Files (x86)\Common Files\Microsoft Shared\Windows Live;C:\Windows\system32;C:\Windows;C:\Windows\System32\Wbem;C:\Windows\System32\WindowsPowerShell\v1.0\ ; C:\MinGW\bin;C:\Program Files (x86)\Microchip\MPLAB C32 Suite\bin;C:\Program Files\Java\jdk1.7.0_51\bin;C:\Python27;C:\Program Files (x86)\B1 Free Archiver;C:\cygwin64\gtk+-bundle_3.6.4-20130921_win32\bin;C:\Program Files\ThinkPad\Bluetooth Software\;C:\Program Files\ThinkPad\Bluetooth Software\syswow64;C:\Program Files (x86)\QuickTime\QTSystem\;C:\Program Files (x86)\HI-TECH Software\PICC\9.83\bin;C:\Program Files\TortoiseSVN\bin;C:\Program Files\Microsoft SQL Server\110\Tools\Binn\;c:\Program Files (x86)\Microsoft SQL Server\100\Tools\Binn\;c:\Program Files\Microsoft SQL Server\100\Tools\Binn\;c:\Program Files\Microsoft SQL Server\100\DTS\Binn\;C:\Program Files (x86)\Nmap;C:\eclipse-standard-kepler-SR1-win32-x86_64\eclipse;
USERNAME=sal
OS=Windows_NT
PROCESSOR_IDENTIFIER=Intel64 Family 6 Model 37 Stepping 2, GenuineIntel



---------------  S Y S T E M  ---------------

OS: Windows 7 , 64 bit Build 7601 Service Pack 1

CPU:total 4 (2 cores per cpu, 2 threads per core) family 6 model 37 stepping 2, cmov, cx8, fxsr, mmx, sse, sse2, sse3, ssse3, sse4.1, sse4.2, popcnt, aes, ht, tsc, tscinvbit

Memory: 4k page, physical 3985068k(1663188k free), swap 7968272k(4377632k free)

vm_info: Java HotSpot(TM) 64-Bit Server VM (24.51-b03) for windows-amd64 JRE (1.7.0_51-b13), built on Dec 18 2013 18:40:56 by "java_re" with unknown MS VC++:1600

time: Mon Aug 18 22:58:18 2014
elapsed time: 164 seconds

